{"level":"info","message":"[MAIN] Starting","timestamp":"2025-10-28T13:57:07.836Z"}
{"level":"info","message":"[MAIN] Server listening on http://localhost:3000","timestamp":"2025-10-28T13:57:07.844Z"}
{"level":"info","message":"[COUNTER] read 0","timestamp":"2025-10-28T13:57:56.631Z"}
{"level":"warn","message":"[ENDPOINT] Invalid route: /favicon.ico","timestamp":"2025-10-28T13:57:56.889Z"}
{"level":"info","message":"[COUNTER] increase 1","timestamp":"2025-10-28T13:58:10.108Z"}
{"level":"info","message":"[COUNTER] increase 2","timestamp":"2025-10-28T13:58:18.003Z"}
{"level":"info","message":"[COUNTER] increase 3","timestamp":"2025-10-28T13:58:22.311Z"}
{"level":"info","message":"[COUNTER] zeroed 0","timestamp":"2025-10-28T13:58:28.525Z"}
{"level":"info","message":"[MAIN] Stopping","timestamp":"2025-10-28T14:05:38.545Z"}
{"level":"info","message":"[MAIN] Starting","timestamp":"2025-10-28T14:05:40.605Z"}
{"level":"info","message":"[MAIN] Server listening on http://localhost:3000","timestamp":"2025-10-28T14:05:40.606Z"}
{"level":"info","message":"[COUNTER] increase 1","timestamp":"2025-10-28T14:57:16.662Z"}
{"level":"info","message":"[COUNTER] read 1","timestamp":"2025-10-28T15:03:00.007Z"}
{"level":"info","message":"[COUNTER] zeroed 0","timestamp":"2025-10-28T15:05:35.993Z"}
{"level":"info","message":"[MAIN] Starting","timestamp":"2025-10-28T15:07:17.769Z"}
{"level":"info","message":"[MAIN] Server listening on http://localhost:3000","timestamp":"2025-10-28T15:07:17.776Z"}
{"level":"info","message":"[COUNTER] increase 1","timestamp":"2025-10-28T15:09:48.458Z"}
{"level":"warn","message":"[COUNTER] zeroed 0","timestamp":"2025-10-28T15:09:55.534Z"}
{"level":"warn","message":"[ENDPOINT] Invalid route: /counter-decrease","timestamp":"2025-10-28T15:11:38.379Z"}
{"level":"info","message":"[MAIN] Stopping","timestamp":"2025-10-28T15:17:31.811Z"}
{"level":"info","message":"[MAIN] Starting","timestamp":"2025-10-28T15:32:35.799Z"}
{"level":"info","message":"[MAIN] Server listening on http://localhost:3000","timestamp":"2025-10-28T15:32:35.800Z"}
{"level":"info","message":"[COUNTER] increase 1","timestamp":"2025-10-28T15:35:37.161Z"}
{"level":"info","message":"[COUNTER] increase 2","timestamp":"2025-10-28T15:35:51.248Z"}
{"level":"info","message":"[COUNTER] increase 3","timestamp":"2025-10-28T15:36:01.245Z"}
{"level":"info","message":"[COUNTER] increase 4","timestamp":"2025-10-28T15:36:39.346Z"}
{"level":"info","message":"[COUNTER] increase 5","timestamp":"2025-10-28T15:38:11.889Z"}
{"level":"info","message":"[MAIN] Starting","timestamp":"2025-10-28T15:43:00.258Z"}
{"level":"info","message":"[MAIN] Server listening on http://localhost:3000","timestamp":"2025-10-28T15:43:00.265Z"}
{"level":"info","message":"[MAIN] Starting","timestamp":"2025-10-28T15:43:12.810Z"}
{"level":"info","message":"[MAIN] Server listening on http://localhost:3000","timestamp":"2025-10-28T15:43:12.812Z"}
{"level":"error","message":"[COUNTER] increase failed: Simulated exception in counter increase","timestamp":"2025-10-28T15:43:18.377Z"}
{"level":"info","message":"[MAIN] Starting","timestamp":"2025-10-28T15:48:28.686Z"}
{"level":"info","message":"[MAIN] Server listening on http://localhost:3000","timestamp":"2025-10-28T15:48:28.693Z"}
{"level":"info","message":"[MAIN] Starting","timestamp":"2025-10-28T15:48:56.141Z"}
{"level":"info","message":"[MAIN] Server listening on http://localhost:3000","timestamp":"2025-10-28T15:48:56.144Z"}
{"level":"info","message":"[COUNTER] increase 1","timestamp":"2025-10-28T15:49:00.933Z"}
{"level":"info","message":"[COUNTER] increase 2","timestamp":"2025-10-28T15:49:04.281Z"}
{"level":"info","message":"[COUNTER] increase 3","timestamp":"2025-10-28T15:49:11.158Z"}
{"level":"info","message":"[COUNTER] increase 4","timestamp":"2025-10-28T15:49:18.761Z"}
{"level":"warn","message":"[COUNTER] zeroed 0","timestamp":"2025-10-28T15:49:26.988Z"}
{"level":"warn","message":"[COUNTER] zeroed 0","timestamp":"2025-10-28T15:49:43.309Z"}
{"level":"info","message":"[MAIN] Starting","timestamp":"2025-10-28T15:52:06.851Z"}
{"level":"info","message":"[MAIN] Server listening on http://localhost:3000","timestamp":"2025-10-28T15:52:06.858Z"}
{"level":"error","message":"[COUNTER] reset failed: Counter value is invalid, cannot reset","timestamp":"2025-10-28T15:52:10.896Z"}
{"level":"error","message":"[COUNTER] reset failed: Counter value is invalid, cannot reset","timestamp":"2025-10-28T15:52:43.375Z"}
{"level":"info","message":"[MAIN] Starting","timestamp":"2025-10-28T15:53:28.546Z"}
{"level":"info","message":"[MAIN] Server listening on http://localhost:3000","timestamp":"2025-10-28T15:53:28.555Z"}
{"level":"warn","message":"[COUNTER] zeroed 0","timestamp":"2025-10-28T15:53:32.262Z"}
{"level":"info","message":"[MAIN] Starting","timestamp":"2025-10-28T15:56:22.844Z"}
{"level":"info","message":"[MAIN] Server listening on http://localhost:3000","timestamp":"2025-10-28T15:56:22.850Z"}
{"level":"info","message":"[MAIN] Starting","timestamp":"2025-10-28T15:56:23.581Z"}
{"level":"info","message":"[MAIN] Server listening on http://localhost:3000","timestamp":"2025-10-28T15:56:23.582Z"}
{"level":"error","message":"[COUNTER] reset failed: Counter value is invalid, cannot reset","timestamp":"2025-10-28T15:56:31.184Z"}
{"level":"info","message":"[MAIN] Stopping","timestamp":"2025-10-28T16:04:33.523Z"}
